# JRE version: OpenJDK Runtime Environment (17.0.7) (build 17.0.7+0-b2043.56-10550314)
# Java VM: OpenJDK 64-Bit Server VM (17.0.7+0-b2043.56-10550314, mixed mode, tiered, compressed oops, compressed class ptrs, g1 gc, windows-amd64)
GC Precious Log:
 CPUs: 4 total, 4 available
 Memory: 8044M
 Large Page Support: Disabled
 NUMA Support: Disabled
 Compressed Oops: Enabled (Zero based)
 Heap Region Size: 4M
 Heap Min Capacity: 8M
 Heap Initial Capacity: 128M
 Heap Max Capacity: 4608M
 Pre-touch: Disabled
 Parallel Workers: 4
 Concurrent Workers: 1
 Concurrent Refinement Workers: 4
 Periodic GC: Disabled
Heap:
 garbage-first heap   total 1589248K, used 234425K [0x00000006e0000000, 0x0000000800000000)
  region size 4096K, 4 young (16384K), 4 survivors (16384K)
 Metaspace       used 171124K, committed 173184K, reserved 1245184K
  class space    used 22285K, committed 23424K, reserved 1048576K
GC Heap History (20 events):
Event: 13011.003 GC heap after
{Heap after GC invocations=173 (full 0):
 garbage-first heap   total 806912K, used 261429K [0x00000006e0000000, 0x0000000800000000)
  region size 4096K, 2 young (8192K), 2 survivors (8192K)
 Metaspace       used 170879K, committed 173056K, reserved 1245184K
  class space    used 22279K, committed 23424K, reserved 1048576K
}
Event: 13011.427 GC heap before
{Heap before GC invocations=173 (full 0):
 garbage-first heap   total 806912K, used 290101K [0x00000006e0000000, 0x0000000800000000)
  region size 4096K, 9 young (36864K), 2 survivors (8192K)
 Metaspace       used 170879K, committed 173056K, reserved 1245184K
  class space    used 22279K, committed 23424K, reserved 1048576K
}
Event: 13011.490 GC heap after
{Heap after GC invocations=174 (full 0):
 garbage-first heap   total 1589248K, used 257185K [0x00000006e0000000, 0x0000000800000000)
  region size 4096K, 2 young (8192K), 2 survivors (8192K)
 Metaspace       used 170879K, committed 173056K, reserved 1245184K
  class space    used 22279K, committed 23424K, reserved 1048576K
}
Event: 13012.187 GC heap before
{Heap before GC invocations=174 (full 0):
 garbage-first heap   total 1589248K, used 322721K [0x00000006e0000000, 0x0000000800000000)
  region size 4096K, 19 young (77824K), 2 survivors (8192K)
 Metaspace       used 170905K, committed 173056K, reserved 1245184K
  class space    used 22279K, committed 23424K, reserved 1048576K
}
Event: 13012.286 GC heap after
{Heap after GC invocations=175 (full 0):
 garbage-first heap   total 1589248K, used 260157K [0x00000006e0000000, 0x0000000800000000)
  region size 4096K, 3 young (12288K), 3 survivors (12288K)
 Metaspace       used 170905K, committed 173056K, reserved 1245184K
  class space    used 22279K, committed 23424K, reserved 1048576K
}
Event: 13013.067 GC heap before
{Heap before GC invocations=175 (full 0):
 garbage-first heap   total 1589248K, used 325693K [0x00000006e0000000, 0x0000000800000000)
  region size 4096K, 19 young (77824K), 3 survivors (12288K)
 Metaspace       used 170945K, committed 173120K, reserved 1245184K
  class space    used 22282K, committed 23424K, reserved 1048576K
}
Event: 13013.166 GC heap after
{Heap after GC invocations=176 (full 0):
 garbage-first heap   total 1589248K, used 261681K [0x00000006e0000000, 0x0000000800000000)
  region size 4096K, 1 young (4096K), 1 survivors (4096K)
 Metaspace       used 170945K, committed 173120K, reserved 1245184K
  class space    used 22282K, committed 23424K, reserved 1048576K
}
Event: 13063.044 GC heap before
{Heap before GC invocations=176 (full 0):
 garbage-first heap   total 1589248K, used 405041K [0x00000006e0000000, 0x0000000800000000)
  region size 4096K, 37 young (151552K), 1 survivors (4096K)
 Metaspace       used 171011K, committed 173120K, reserved 1245184K
  class space    used 22282K, committed 23424K, reserved 1048576K
}
Event: 13063.117 GC heap after
{Heap after GC invocations=177 (full 0):
 garbage-first heap   total 1589248K, used 274646K [0x00000006e0000000, 0x0000000800000000)
  region size 4096K, 5 young (20480K), 5 survivors (20480K)
 Metaspace       used 171011K, committed 173120K, reserved 1245184K
  class space    used 22282K, committed 23424K, reserved 1048576K
}
Event: 13219.208 GC heap before
{Heap before GC invocations=178 (full 0):
 garbage-first heap   total 999424K, used 360662K [0x00000006e0000000, 0x0000000800000000)
  region size 4096K, 29 young (118784K), 5 survivors (20480K)
 Metaspace       used 171045K, committed 173120K, reserved 1245184K
  class space    used 22282K, committed 23424K, reserved 1048576K
}
Event: 13219.389 GC heap after
{Heap after GC invocations=179 (full 0):
 garbage-first heap   total 999424K, used 258498K [0x00000006e0000000, 0x0000000800000000)
  region size 4096K, 2 young (8192K), 2 survivors (8192K)
 Metaspace       used 171045K, committed 173120K, reserved 1245184K
  class space    used 22282K, committed 23424K, reserved 1048576K
}
Event: 13226.414 GC heap before
{Heap before GC invocations=179 (full 0):
 garbage-first heap   total 999424K, used 295362K [0x00000006e0000000, 0x0000000800000000)
  region size 4096K, 12 young (49152K), 2 survivors (8192K)
 Metaspace       used 171054K, committed 173120K, reserved 1245184K
  class space    used 22282K, committed 23424K, reserved 1048576K
}
Event: 13226.569 GC heap after
{Heap after GC invocations=180 (full 0):
 garbage-first heap   total 999424K, used 223632K [0x00000006e0000000, 0x0000000800000000)
  region size 4096K, 2 young (8192K), 2 survivors (8192K)
 Metaspace       used 171054K, committed 173120K, reserved 1245184K
  class space    used 22282K, committed 23424K, reserved 1048576K
}
Event: 13482.240 GC heap before
{Heap before GC invocations=180 (full 0):
 garbage-first heap   total 999424K, used 313744K [0x00000006e0000000, 0x0000000800000000)
  region size 4096K, 26 young (106496K), 2 survivors (8192K)
 Metaspace       used 171074K, committed 173120K, reserved 1245184K
  class space    used 22283K, committed 23424K, reserved 1048576K
}
Event: 13482.466 GC heap after
{Heap after GC invocations=181 (full 0):
 garbage-first heap   total 999424K, used 230708K [0x00000006e0000000, 0x0000000800000000)
  region size 4096K, 4 young (16384K), 4 survivors (16384K)
 Metaspace       used 171074K, committed 173120K, reserved 1245184K
  class space    used 22283K, committed 23424K, reserved 1048576K
}
Event: 13487.731 GC heap before
{Heap before GC invocations=182 (full 0):
 garbage-first heap   total 929792K, used 361780K [0x00000006e0000000, 0x0000000800000000)
  region size 4096K, 31 young (126976K), 4 survivors (16384K)
 Metaspace       used 171102K, committed 173184K, reserved 1245184K
  class space    used 22285K, committed 23424K, reserved 1048576K
}
Event: 13487.814 GC heap after
{Heap after GC invocations=183 (full 0):
 garbage-first heap   total 929792K, used 233272K [0x00000006e0000000, 0x0000000800000000)
  region size 4096K, 2 young (8192K), 2 survivors (8192K)
 Metaspace       used 171102K, committed 173184K, reserved 1245184K
  class space    used 22285K, committed 23424K, reserved 1048576K
}
Event: 13488.510 GC heap before
{Heap before GC invocations=183 (full 0):
 garbage-first heap   total 929792K, used 266040K [0x00000006e0000000, 0x0000000800000000)
  region size 4096K, 11 young (45056K), 2 survivors (8192K)
 Metaspace       used 171113K, committed 173184K, reserved 1245184K
  class space    used 22285K, committed 23424K, reserved 1048576K
}
Event: 13488.565 GC heap after
{Heap after GC invocations=184 (full 0):
 garbage-first heap   total 929792K, used 229267K [0x00000006e0000000, 0x0000000800000000)
  region size 4096K, 2 young (8192K), 2 survivors (8192K)
 Metaspace       used 171113K, committed 173184K, reserved 1245184K
  class space    used 22285K, committed 23424K, reserved 1048576K
}
Event: 13572.550 GC heap before
{Heap before GC invocations=184 (full 0):
 garbage-first heap   total 929792K, used 307091K [0x00000006e0000000, 0x0000000800000000)
  region size 4096K, 23 young (94208K), 2 survivors (8192K)
 Metaspace       used 171124K, committed 173184K, reserved 1245184K
  class space    used 22285K, committed 23424K, reserved 1048576K
}

