# JRE version: OpenJDK Runtime Environment (17.0.7) (build 17.0.7+0-b2043.56-10550314)
# Java VM: OpenJDK 64-Bit Server VM (17.0.7+0-b2043.56-10550314, mixed mode, tiered, compressed oops, compressed class ptrs, g1 gc, windows-amd64)
GC Precious Log:
 CPUs: 4 total, 4 available
 Memory: 8044M
 Large Page Support: Disabled
 NUMA Support: Disabled
 Compressed Oops: Enabled (Zero based)
 Heap Region Size: 4M
 Heap Min Capacity: 8M
 Heap Initial Capacity: 128M
 Heap Max Capacity: 4608M
 Pre-touch: Disabled
 Parallel Workers: 4
 Concurrent Workers: 1
 Concurrent Refinement Workers: 4
 Periodic GC: Disabled
Heap:
 garbage-first heap   total 155648K, used 77179K [0x00000006e0000000, 0x0000000800000000)
  region size 4096K, 3 young (12288K), 1 survivors (4096K)
 Metaspace       used 68451K, committed 69056K, reserved 1114112K
  class space    used 9180K, committed 9472K, reserved 1048576K
GC Heap History (20 events):
Event: 9.188 GC heap before
{Heap before GC invocations=10 (full 0):
 garbage-first heap   total 98304K, used 63265K [0x00000006e0000000, 0x0000000800000000)
  region size 4096K, 11 young (45056K), 1 survivors (4096K)
 Metaspace       used 39881K, committed 40320K, reserved 1114112K
  class space    used 5375K, committed 5568K, reserved 1048576K
}
Event: 9.201 GC heap after
{Heap after GC invocations=11 (full 0):
 garbage-first heap   total 98304K, used 30548K [0x00000006e0000000, 0x0000000800000000)
  region size 4096K, 2 young (8192K), 2 survivors (8192K)
 Metaspace       used 39881K, committed 40320K, reserved 1114112K
  class space    used 5375K, committed 5568K, reserved 1048576K
}
Event: 10.299 GC heap before
{Heap before GC invocations=11 (full 0):
 garbage-first heap   total 98304K, used 67412K [0x00000006e0000000, 0x0000000800000000)
  region size 4096K, 11 young (45056K), 2 survivors (8192K)
 Metaspace       used 47156K, committed 47616K, reserved 1114112K
  class space    used 6269K, committed 6464K, reserved 1048576K
}
Event: 10.322 GC heap after
{Heap after GC invocations=12 (full 0):
 garbage-first heap   total 126976K, used 33697K [0x00000006e0000000, 0x0000000800000000)
  region size 4096K, 1 young (4096K), 1 survivors (4096K)
 Metaspace       used 47156K, committed 47616K, reserved 1114112K
  class space    used 6269K, committed 6464K, reserved 1048576K
}
Event: 11.701 GC heap before
{Heap before GC invocations=12 (full 0):
 garbage-first heap   total 126976K, used 86945K [0x00000006e0000000, 0x0000000800000000)
  region size 4096K, 14 young (57344K), 1 survivors (4096K)
 Metaspace       used 51361K, committed 51840K, reserved 1114112K
  class space    used 6839K, committed 7040K, reserved 1048576K
}
Event: 11.721 GC heap after
{Heap after GC invocations=13 (full 0):
 garbage-first heap   total 126976K, used 39105K [0x00000006e0000000, 0x0000000800000000)
  region size 4096K, 2 young (8192K), 2 survivors (8192K)
 Metaspace       used 51361K, committed 51840K, reserved 1114112K
  class space    used 6839K, committed 7040K, reserved 1048576K
}
Event: 13.103 GC heap before
{Heap before GC invocations=13 (full 0):
 garbage-first heap   total 126976K, used 84161K [0x00000006e0000000, 0x0000000800000000)
  region size 4096K, 14 young (57344K), 2 survivors (8192K)
 Metaspace       used 56119K, committed 56640K, reserved 1114112K
  class space    used 7512K, committed 7744K, reserved 1048576K
}
Event: 13.125 GC heap after
{Heap after GC invocations=14 (full 0):
 garbage-first heap   total 126976K, used 45624K [0x00000006e0000000, 0x0000000800000000)
  region size 4096K, 2 young (8192K), 2 survivors (8192K)
 Metaspace       used 56119K, committed 56640K, reserved 1114112K
  class space    used 7512K, committed 7744K, reserved 1048576K
}
Event: 14.020 GC heap before
{Heap before GC invocations=14 (full 0):
 garbage-first heap   total 126976K, used 86584K [0x00000006e0000000, 0x0000000800000000)
  region size 4096K, 13 young (53248K), 2 survivors (8192K)
 Metaspace       used 60055K, committed 60608K, reserved 1114112K
  class space    used 8233K, committed 8512K, reserved 1048576K
}
Event: 14.042 GC heap after
{Heap after GC invocations=15 (full 0):
 garbage-first heap   total 126976K, used 48765K [0x00000006e0000000, 0x0000000800000000)
  region size 4096K, 1 young (4096K), 1 survivors (4096K)
 Metaspace       used 60055K, committed 60608K, reserved 1114112K
  class space    used 8233K, committed 8512K, reserved 1048576K
}
Event: 15.157 GC heap before
{Heap before GC invocations=16 (full 0):
 garbage-first heap   total 126976K, used 89725K [0x00000006e0000000, 0x0000000800000000)
  region size 4096K, 12 young (49152K), 1 survivors (4096K)
 Metaspace       used 63287K, committed 63872K, reserved 1114112K
  class space    used 8553K, committed 8832K, reserved 1048576K
}
Event: 15.176 GC heap after
{Heap after GC invocations=17 (full 0):
 garbage-first heap   total 126976K, used 54025K [0x00000006e0000000, 0x0000000800000000)
  region size 4096K, 2 young (8192K), 2 survivors (8192K)
 Metaspace       used 63287K, committed 63872K, reserved 1114112K
  class space    used 8553K, committed 8832K, reserved 1048576K
}
Event: 15.229 GC heap before
{Heap before GC invocations=17 (full 0):
 garbage-first heap   total 126976K, used 58121K [0x00000006e0000000, 0x0000000800000000)
  region size 4096K, 3 young (12288K), 2 survivors (8192K)
 Metaspace       used 63631K, committed 64256K, reserved 1114112K
  class space    used 8590K, committed 8896K, reserved 1048576K
}
Event: 15.258 GC heap after
{Heap after GC invocations=18 (full 0):
 garbage-first heap   total 155648K, used 54426K [0x00000006e0000000, 0x0000000800000000)
  region size 4096K, 1 young (4096K), 1 survivors (4096K)
 Metaspace       used 63631K, committed 64256K, reserved 1114112K
  class space    used 8590K, committed 8896K, reserved 1048576K
}
Event: 16.299 GC heap before
{Heap before GC invocations=18 (full 0):
 garbage-first heap   total 155648K, used 115866K [0x00000006e0000000, 0x0000000800000000)
  region size 4096K, 16 young (65536K), 1 survivors (4096K)
 Metaspace       used 66601K, committed 67264K, reserved 1114112K
  class space    used 8996K, committed 9344K, reserved 1048576K
}
Event: 16.312 GC heap after
{Heap after GC invocations=19 (full 0):
 garbage-first heap   total 155648K, used 59344K [0x00000006e0000000, 0x0000000800000000)
  region size 4096K, 2 young (8192K), 2 survivors (8192K)
 Metaspace       used 66601K, committed 67264K, reserved 1114112K
  class space    used 8996K, committed 9344K, reserved 1048576K
}
Event: 20.163 GC heap before
{Heap before GC invocations=20 (full 0):
 garbage-first heap   total 155648K, used 116688K [0x00000006e0000000, 0x0000000800000000)
  region size 4096K, 16 young (65536K), 2 survivors (8192K)
 Metaspace       used 68366K, committed 68992K, reserved 1114112K
  class space    used 9180K, committed 9472K, reserved 1048576K
}
Event: 20.231 GC heap after
{Heap after GC invocations=21 (full 0):
 garbage-first heap   total 155648K, used 70021K [0x00000006e0000000, 0x0000000800000000)
  region size 4096K, 2 young (8192K), 2 survivors (8192K)
 Metaspace       used 68366K, committed 68992K, reserved 1114112K
  class space    used 9180K, committed 9472K, reserved 1048576K
}
Event: 20.442 GC heap before
{Heap before GC invocations=21 (full 0):
 garbage-first heap   total 155648K, used 74117K [0x00000006e0000000, 0x0000000800000000)
  region size 4096K, 3 young (12288K), 2 survivors (8192K)
 Metaspace       used 68425K, committed 69056K, reserved 1114112K
  class space    used 9180K, committed 9472K, reserved 1048576K
}
Event: 20.481 GC heap after
{Heap after GC invocations=22 (full 0):
 garbage-first heap   total 155648K, used 73083K [0x00000006e0000000, 0x0000000800000000)
  region size 4096K, 1 young (4096K), 1 survivors (4096K)
 Metaspace       used 68425K, committed 69056K, reserved 1114112K
  class space    used 9180K, committed 9472K, reserved 1048576K
}

